mode: set
github.com/cdvelop/postgre/adapter.go:24.50,26.16 2 0
github.com/cdvelop/postgre/adapter.go:26.16,28.3 1 0
github.com/cdvelop/postgre/adapter.go:29.2,29.34 1 0
github.com/cdvelop/postgre/adapter.go:29.34,31.3 1 0
github.com/cdvelop/postgre/adapter.go:32.2,33.39 2 0
github.com/cdvelop/postgre/adapter.go:37.50,39.2 1 0
github.com/cdvelop/postgre/adapter.go:42.79,44.16 2 0
github.com/cdvelop/postgre/adapter.go:44.16,46.3 1 0
github.com/cdvelop/postgre/adapter.go:47.2,50.8 1 0
github.com/cdvelop/postgre/adapter.go:54.65,57.2 2 0
github.com/cdvelop/postgre/adapter.go:60.75,62.2 1 0
github.com/cdvelop/postgre/adapter.go:65.78,67.2 1 0
github.com/cdvelop/postgre/adapter.go:70.41,72.2 1 0
github.com/cdvelop/postgre/execute.go:19.117,21.16 2 0
github.com/cdvelop/postgre/execute.go:21.16,23.3 1 0
github.com/cdvelop/postgre/execute.go:25.2,27.18 2 0
github.com/cdvelop/postgre/execute.go:28.24,39.17 2 0
github.com/cdvelop/postgre/execute.go:39.17,41.4 1 0
github.com/cdvelop/postgre/execute.go:42.3,43.13 2 0
github.com/cdvelop/postgre/execute.go:45.25,52.43 3 0
github.com/cdvelop/postgre/execute.go:52.43,53.28 1 0
github.com/cdvelop/postgre/execute.go:53.28,55.5 1 0
github.com/cdvelop/postgre/execute.go:56.4,56.14 1 0
github.com/cdvelop/postgre/execute.go:66.3,66.13 1 0
github.com/cdvelop/postgre/execute.go:68.25,70.17 2 0
github.com/cdvelop/postgre/execute.go:70.17,72.4 1 0
github.com/cdvelop/postgre/execute.go:73.3,75.19 2 0
github.com/cdvelop/postgre/execute.go:75.19,80.45 3 0
github.com/cdvelop/postgre/execute.go:80.45,82.5 1 0
github.com/cdvelop/postgre/execute.go:83.4,83.18 1 0
github.com/cdvelop/postgre/execute.go:85.3,85.20 1 0
github.com/cdvelop/postgre/execute.go:87.42,89.13 2 0
github.com/cdvelop/postgre/execute.go:91.10,92.50 1 0
github.com/cdvelop/postgre/execute.go:97.115,105.2 1 0
github.com/cdvelop/postgre/translate.go:9.52,14.18 4 0
github.com/cdvelop/postgre/translate.go:15.24,21.30 6 0
github.com/cdvelop/postgre/translate.go:21.30,22.13 1 0
github.com/cdvelop/postgre/translate.go:22.13,24.5 1 0
github.com/cdvelop/postgre/translate.go:25.4,27.14 3 0
github.com/cdvelop/postgre/translate.go:29.3,29.16 1 0
github.com/cdvelop/postgre/translate.go:40.44,42.26 2 0
github.com/cdvelop/postgre/translate.go:42.26,44.4 1 0
github.com/cdvelop/postgre/translate.go:44.9,46.4 1 0
github.com/cdvelop/postgre/translate.go:47.3,49.77 3 0
github.com/cdvelop/postgre/translate.go:49.77,51.4 1 0
github.com/cdvelop/postgre/translate.go:52.3,52.25 1 0
github.com/cdvelop/postgre/translate.go:52.25,54.32 2 0
github.com/cdvelop/postgre/translate.go:54.32,55.14 1 0
github.com/cdvelop/postgre/translate.go:55.14,57.6 1 0
github.com/cdvelop/postgre/translate.go:58.5,60.22 3 0
github.com/cdvelop/postgre/translate.go:63.3,63.18 1 0
github.com/cdvelop/postgre/translate.go:63.18,65.4 1 0
github.com/cdvelop/postgre/translate.go:66.3,66.19 1 0
github.com/cdvelop/postgre/translate.go:66.19,68.4 1 0
github.com/cdvelop/postgre/translate.go:70.24,74.31 4 0
github.com/cdvelop/postgre/translate.go:74.31,75.13 1 0
github.com/cdvelop/postgre/translate.go:75.13,77.5 1 0
github.com/cdvelop/postgre/translate.go:78.4,81.14 4 0
github.com/cdvelop/postgre/translate.go:83.3,83.77 1 0
github.com/cdvelop/postgre/translate.go:83.77,85.4 1 0
github.com/cdvelop/postgre/translate.go:87.24,90.77 3 0
github.com/cdvelop/postgre/translate.go:90.77,92.4 1 0
github.com/cdvelop/postgre/translate.go:94.10,95.59 1 0
github.com/cdvelop/postgre/translate.go:98.2,98.31 1 0
github.com/cdvelop/postgre/translate.go:101.94,102.26 1 0
github.com/cdvelop/postgre/translate.go:102.26,104.3 1 0
github.com/cdvelop/postgre/translate.go:110.2,111.31 2 0
github.com/cdvelop/postgre/translate.go:111.31,112.12 1 0
github.com/cdvelop/postgre/translate.go:112.12,114.19 2 0
github.com/cdvelop/postgre/translate.go:114.19,116.5 1 0
github.com/cdvelop/postgre/translate.go:117.4,117.36 1 0
github.com/cdvelop/postgre/translate.go:120.3,126.14 7 0
github.com/cdvelop/postgre/translate.go:128.2,128.12 1 0
github.com/cdvelop/postgre/tx.go:23.74,25.2 1 0
github.com/cdvelop/postgre/tx.go:28.60,31.2 2 0
github.com/cdvelop/postgre/tx.go:34.70,36.2 1 0
github.com/cdvelop/postgre/tx.go:39.73,41.2 1 0
github.com/cdvelop/postgre/tx.go:45.36,47.2 1 0
github.com/cdvelop/postgre/tx.go:50.37,52.2 1 0
github.com/cdvelop/postgre/tx.go:55.39,57.2 1 0
github.com/cdvelop/postgre/tx.go:60.66,62.16 2 0
github.com/cdvelop/postgre/tx.go:62.16,64.3 1 0
github.com/cdvelop/postgre/tx.go:65.2,65.45 1 0
