mode: set
github.com/cdvelop/postgre/adapter.go:28.50,30.16 2 1
github.com/cdvelop/postgre/adapter.go:30.16,32.3 1 0
github.com/cdvelop/postgre/adapter.go:33.2,33.34 1 1
github.com/cdvelop/postgre/adapter.go:33.34,35.3 1 1
github.com/cdvelop/postgre/adapter.go:36.2,37.39 2 1
github.com/cdvelop/postgre/adapter.go:41.50,43.2 1 1
github.com/cdvelop/postgre/adapter.go:46.79,48.16 2 1
github.com/cdvelop/postgre/adapter.go:48.16,50.3 1 1
github.com/cdvelop/postgre/adapter.go:51.2,54.8 1 1
github.com/cdvelop/postgre/adapter.go:58.65,61.2 2 1
github.com/cdvelop/postgre/adapter.go:64.75,66.2 1 1
github.com/cdvelop/postgre/adapter.go:69.78,71.2 1 1
github.com/cdvelop/postgre/adapter.go:74.41,76.2 1 0
github.com/cdvelop/postgre/translate.go:9.43,10.11 1 1
github.com/cdvelop/postgre/translate.go:11.21,12.18 1 1
github.com/cdvelop/postgre/translate.go:13.23,14.28 1 1
github.com/cdvelop/postgre/translate.go:15.20,16.19 1 1
github.com/cdvelop/postgre/translate.go:17.20,18.17 1 1
github.com/cdvelop/postgre/translate.go:19.10,20.16 1 1
github.com/cdvelop/postgre/translate.go:24.65,29.18 4 1
github.com/cdvelop/postgre/translate.go:30.24,36.30 6 1
github.com/cdvelop/postgre/translate.go:36.30,37.13 1 1
github.com/cdvelop/postgre/translate.go:37.13,39.5 1 1
github.com/cdvelop/postgre/translate.go:40.4,42.14 3 1
github.com/cdvelop/postgre/translate.go:44.3,44.16 1 1
github.com/cdvelop/postgre/translate.go:55.44,57.26 2 1
github.com/cdvelop/postgre/translate.go:57.26,59.4 1 1
github.com/cdvelop/postgre/translate.go:59.9,61.4 1 0
github.com/cdvelop/postgre/translate.go:62.3,64.77 3 1
github.com/cdvelop/postgre/translate.go:64.77,66.4 1 1
github.com/cdvelop/postgre/translate.go:67.3,67.25 1 1
github.com/cdvelop/postgre/translate.go:67.25,69.32 2 1
github.com/cdvelop/postgre/translate.go:69.32,70.14 1 1
github.com/cdvelop/postgre/translate.go:70.14,72.6 1 1
github.com/cdvelop/postgre/translate.go:73.5,75.22 3 1
github.com/cdvelop/postgre/translate.go:78.3,78.18 1 1
github.com/cdvelop/postgre/translate.go:78.18,80.4 1 1
github.com/cdvelop/postgre/translate.go:81.3,81.19 1 1
github.com/cdvelop/postgre/translate.go:81.19,83.4 1 1
github.com/cdvelop/postgre/translate.go:85.24,89.31 4 1
github.com/cdvelop/postgre/translate.go:89.31,90.13 1 1
github.com/cdvelop/postgre/translate.go:90.13,92.5 1 1
github.com/cdvelop/postgre/translate.go:93.4,96.14 4 1
github.com/cdvelop/postgre/translate.go:98.3,98.77 1 1
github.com/cdvelop/postgre/translate.go:98.77,100.4 1 0
github.com/cdvelop/postgre/translate.go:102.24,105.77 3 1
github.com/cdvelop/postgre/translate.go:105.77,107.4 1 0
github.com/cdvelop/postgre/translate.go:109.29,114.28 5 1
github.com/cdvelop/postgre/translate.go:114.28,115.13 1 1
github.com/cdvelop/postgre/translate.go:115.13,117.5 1 1
github.com/cdvelop/postgre/translate.go:118.4,122.22 5 1
github.com/cdvelop/postgre/translate.go:122.22,123.32 1 1
github.com/cdvelop/postgre/translate.go:123.32,125.6 1 1
github.com/cdvelop/postgre/translate.go:125.11,127.6 1 1
github.com/cdvelop/postgre/translate.go:128.10,128.48 1 1
github.com/cdvelop/postgre/translate.go:128.48,130.5 1 0
github.com/cdvelop/postgre/translate.go:130.10,130.21 1 1
github.com/cdvelop/postgre/translate.go:130.21,132.5 1 0
github.com/cdvelop/postgre/translate.go:132.10,134.5 1 1
github.com/cdvelop/postgre/translate.go:135.4,135.12 1 1
github.com/cdvelop/postgre/translate.go:135.12,137.5 1 1
github.com/cdvelop/postgre/translate.go:138.4,138.48 1 1
github.com/cdvelop/postgre/translate.go:138.48,140.5 1 1
github.com/cdvelop/postgre/translate.go:141.4,141.47 1 1
github.com/cdvelop/postgre/translate.go:141.47,143.5 1 1
github.com/cdvelop/postgre/translate.go:145.3,145.28 1 1
github.com/cdvelop/postgre/translate.go:145.28,146.19 1 1
github.com/cdvelop/postgre/translate.go:146.19,148.21 2 1
github.com/cdvelop/postgre/translate.go:148.21,150.6 1 0
github.com/cdvelop/postgre/translate.go:151.5,152.46 1 1
github.com/cdvelop/postgre/translate.go:155.3,155.16 1 1
github.com/cdvelop/postgre/translate.go:157.27,159.20 2 1
github.com/cdvelop/postgre/translate.go:161.32,163.23 2 1
github.com/cdvelop/postgre/translate.go:165.10,166.59 1 1
github.com/cdvelop/postgre/translate.go:169.2,169.31 1 1
github.com/cdvelop/postgre/translate.go:172.94,173.26 1 1
github.com/cdvelop/postgre/translate.go:173.26,175.3 1 1
github.com/cdvelop/postgre/translate.go:177.2,178.31 2 1
github.com/cdvelop/postgre/translate.go:178.31,179.12 1 1
github.com/cdvelop/postgre/translate.go:179.12,181.19 2 1
github.com/cdvelop/postgre/translate.go:181.19,183.5 1 0
github.com/cdvelop/postgre/translate.go:184.4,184.36 1 1
github.com/cdvelop/postgre/translate.go:187.3,187.27 1 1
github.com/cdvelop/postgre/translate.go:187.27,189.11 2 1
github.com/cdvelop/postgre/translate.go:189.11,191.5 1 1
github.com/cdvelop/postgre/translate.go:192.4,192.23 1 1
github.com/cdvelop/postgre/translate.go:192.23,194.5 1 1
github.com/cdvelop/postgre/translate.go:195.4,197.30 3 1
github.com/cdvelop/postgre/translate.go:197.30,198.14 1 1
github.com/cdvelop/postgre/translate.go:198.14,200.6 1 1
github.com/cdvelop/postgre/translate.go:201.5,203.18 3 1
github.com/cdvelop/postgre/translate.go:205.4,205.17 1 1
github.com/cdvelop/postgre/translate.go:206.9,214.4 7 1
github.com/cdvelop/postgre/translate.go:216.2,216.12 1 1
github.com/cdvelop/postgre/tx.go:23.74,25.2 1 1
github.com/cdvelop/postgre/tx.go:28.60,31.2 2 1
github.com/cdvelop/postgre/tx.go:34.70,36.2 1 1
github.com/cdvelop/postgre/tx.go:39.73,41.2 1 1
github.com/cdvelop/postgre/tx.go:45.36,47.2 1 1
github.com/cdvelop/postgre/tx.go:50.37,52.2 1 1
github.com/cdvelop/postgre/tx.go:55.39,57.2 1 1
github.com/cdvelop/postgre/tx.go:60.66,62.16 2 1
github.com/cdvelop/postgre/tx.go:62.16,64.3 1 1
github.com/cdvelop/postgre/tx.go:65.2,65.45 1 1
