mode: set
github.com/cdvelop/postgre/adapter.go:28.50,30.16 2 0
github.com/cdvelop/postgre/adapter.go:30.16,32.3 1 0
github.com/cdvelop/postgre/adapter.go:33.2,33.34 1 0
github.com/cdvelop/postgre/adapter.go:33.34,35.3 1 0
github.com/cdvelop/postgre/adapter.go:36.2,37.39 2 0
github.com/cdvelop/postgre/adapter.go:41.50,43.2 1 0
github.com/cdvelop/postgre/adapter.go:46.79,48.16 2 0
github.com/cdvelop/postgre/adapter.go:48.16,50.3 1 0
github.com/cdvelop/postgre/adapter.go:51.2,54.8 1 0
github.com/cdvelop/postgre/adapter.go:58.65,61.2 2 0
github.com/cdvelop/postgre/adapter.go:64.75,66.2 1 0
github.com/cdvelop/postgre/adapter.go:69.78,71.2 1 0
github.com/cdvelop/postgre/adapter.go:74.41,76.2 1 0
github.com/cdvelop/postgre/translate.go:9.43,10.11 1 0
github.com/cdvelop/postgre/translate.go:11.21,12.18 1 0
github.com/cdvelop/postgre/translate.go:13.23,14.28 1 0
github.com/cdvelop/postgre/translate.go:15.20,16.19 1 0
github.com/cdvelop/postgre/translate.go:17.20,18.17 1 0
github.com/cdvelop/postgre/translate.go:19.10,20.16 1 0
github.com/cdvelop/postgre/translate.go:24.65,29.18 4 0
github.com/cdvelop/postgre/translate.go:30.24,36.30 6 0
github.com/cdvelop/postgre/translate.go:36.30,37.13 1 0
github.com/cdvelop/postgre/translate.go:37.13,39.5 1 0
github.com/cdvelop/postgre/translate.go:40.4,42.14 3 0
github.com/cdvelop/postgre/translate.go:44.3,44.16 1 0
github.com/cdvelop/postgre/translate.go:55.44,57.26 2 0
github.com/cdvelop/postgre/translate.go:57.26,59.4 1 0
github.com/cdvelop/postgre/translate.go:59.9,61.4 1 0
github.com/cdvelop/postgre/translate.go:62.3,64.77 3 0
github.com/cdvelop/postgre/translate.go:64.77,66.4 1 0
github.com/cdvelop/postgre/translate.go:67.3,67.25 1 0
github.com/cdvelop/postgre/translate.go:67.25,69.32 2 0
github.com/cdvelop/postgre/translate.go:69.32,70.14 1 0
github.com/cdvelop/postgre/translate.go:70.14,72.6 1 0
github.com/cdvelop/postgre/translate.go:73.5,75.22 3 0
github.com/cdvelop/postgre/translate.go:78.3,78.18 1 0
github.com/cdvelop/postgre/translate.go:78.18,80.4 1 0
github.com/cdvelop/postgre/translate.go:81.3,81.19 1 0
github.com/cdvelop/postgre/translate.go:81.19,83.4 1 0
github.com/cdvelop/postgre/translate.go:85.24,89.31 4 0
github.com/cdvelop/postgre/translate.go:89.31,90.13 1 0
github.com/cdvelop/postgre/translate.go:90.13,92.5 1 0
github.com/cdvelop/postgre/translate.go:93.4,96.14 4 0
github.com/cdvelop/postgre/translate.go:98.3,98.77 1 0
github.com/cdvelop/postgre/translate.go:98.77,100.4 1 0
github.com/cdvelop/postgre/translate.go:102.24,105.77 3 0
github.com/cdvelop/postgre/translate.go:105.77,107.4 1 0
github.com/cdvelop/postgre/translate.go:109.29,114.28 5 0
github.com/cdvelop/postgre/translate.go:114.28,115.13 1 0
github.com/cdvelop/postgre/translate.go:115.13,117.5 1 0
github.com/cdvelop/postgre/translate.go:118.4,122.22 5 0
github.com/cdvelop/postgre/translate.go:122.22,123.32 1 0
github.com/cdvelop/postgre/translate.go:123.32,125.6 1 0
github.com/cdvelop/postgre/translate.go:125.11,127.6 1 0
github.com/cdvelop/postgre/translate.go:128.10,130.5 1 0
github.com/cdvelop/postgre/translate.go:131.4,131.12 1 0
github.com/cdvelop/postgre/translate.go:131.12,133.5 1 0
github.com/cdvelop/postgre/translate.go:134.4,134.48 1 0
github.com/cdvelop/postgre/translate.go:134.48,136.5 1 0
github.com/cdvelop/postgre/translate.go:137.4,137.47 1 0
github.com/cdvelop/postgre/translate.go:137.47,139.5 1 0
github.com/cdvelop/postgre/translate.go:141.3,141.28 1 0
github.com/cdvelop/postgre/translate.go:141.28,142.19 1 0
github.com/cdvelop/postgre/translate.go:142.19,144.21 2 0
github.com/cdvelop/postgre/translate.go:144.21,146.6 1 0
github.com/cdvelop/postgre/translate.go:147.5,148.46 1 0
github.com/cdvelop/postgre/translate.go:151.3,151.16 1 0
github.com/cdvelop/postgre/translate.go:153.27,155.20 2 0
github.com/cdvelop/postgre/translate.go:157.32,159.23 2 0
github.com/cdvelop/postgre/translate.go:161.10,162.59 1 0
github.com/cdvelop/postgre/translate.go:165.2,165.31 1 0
github.com/cdvelop/postgre/translate.go:168.94,169.26 1 0
github.com/cdvelop/postgre/translate.go:169.26,171.3 1 0
github.com/cdvelop/postgre/translate.go:173.2,174.31 2 0
github.com/cdvelop/postgre/translate.go:174.31,175.12 1 0
github.com/cdvelop/postgre/translate.go:175.12,177.19 2 0
github.com/cdvelop/postgre/translate.go:177.19,179.5 1 0
github.com/cdvelop/postgre/translate.go:180.4,180.36 1 0
github.com/cdvelop/postgre/translate.go:183.3,183.27 1 0
github.com/cdvelop/postgre/translate.go:183.27,185.11 2 0
github.com/cdvelop/postgre/translate.go:185.11,187.5 1 0
github.com/cdvelop/postgre/translate.go:188.4,188.23 1 0
github.com/cdvelop/postgre/translate.go:188.23,190.5 1 0
github.com/cdvelop/postgre/translate.go:191.4,193.30 3 0
github.com/cdvelop/postgre/translate.go:193.30,194.14 1 0
github.com/cdvelop/postgre/translate.go:194.14,196.6 1 0
github.com/cdvelop/postgre/translate.go:197.5,199.18 3 0
github.com/cdvelop/postgre/translate.go:201.4,201.17 1 0
github.com/cdvelop/postgre/translate.go:202.9,210.4 7 0
github.com/cdvelop/postgre/translate.go:212.2,212.12 1 0
github.com/cdvelop/postgre/tx.go:23.74,25.2 1 0
github.com/cdvelop/postgre/tx.go:28.60,31.2 2 0
github.com/cdvelop/postgre/tx.go:34.70,36.2 1 0
github.com/cdvelop/postgre/tx.go:39.73,41.2 1 0
github.com/cdvelop/postgre/tx.go:45.36,47.2 1 0
github.com/cdvelop/postgre/tx.go:50.37,52.2 1 0
github.com/cdvelop/postgre/tx.go:55.39,57.2 1 0
github.com/cdvelop/postgre/tx.go:60.66,62.16 2 0
github.com/cdvelop/postgre/tx.go:62.16,64.3 1 0
github.com/cdvelop/postgre/tx.go:65.2,65.45 1 0
